# JRE version: OpenJDK Runtime Environment (11.0.15) (build 11.0.15+0-b2043.56-9505619)
# Java VM: OpenJDK 64-Bit Server VM (11.0.15+0-b2043.56-9505619, mixed mode, tiered, compressed oops, g1 gc, windows-amd64)
Heap:
 garbage-first heap   total 229376K, used 122356K [0x0000000080000000, 0x0000000100000000)
  region size 1024K, 9 young (9216K), 5 survivors (5120K)
 Metaspace       used 68530K, capacity 70408K, committed 70640K, reserved 1110016K
  class space    used 8701K, capacity 9444K, committed 9588K, reserved 1048576K
GC Heap History (17 events):
Event: 1.510 GC heap before
{Heap before GC invocations=0 (full 0):
 garbage-first heap   total 229376K, used 29696K [0x0000000080000000, 0x0000000100000000)
  region size 1024K, 24 young (24576K), 0 survivors (0K)
 Metaspace       used 10134K, capacity 10333K, committed 10624K, reserved 1058816K
  class space    used 1035K, capacity 1108K, committed 1152K, reserved 1048576K
}
Event: 1.516 GC heap after
{Heap after GC invocations=1 (full 0):
 garbage-first heap   total 229376K, used 9242K [0x0000000080000000, 0x0000000100000000)
  region size 1024K, 3 young (3072K), 3 survivors (3072K)
 Metaspace       used 10134K, capacity 10333K, committed 10624K, reserved 1058816K
  class space    used 1035K, capacity 1108K, committed 1152K, reserved 1048576K
}
Event: 4.523 GC heap before
{Heap before GC invocations=1 (full 0):
 garbage-first heap   total 229376K, used 104474K [0x0000000080000000, 0x0000000100000000)
  region size 1024K, 96 young (98304K), 3 survivors (3072K)
 Metaspace       used 20794K, capacity 21224K, committed 21296K, reserved 1069056K
  class space    used 2517K, capacity 2667K, committed 2688K, reserved 1048576K
}
Event: 4.542 GC heap after
{Heap after GC invocations=2 (full 0):
 garbage-first heap   total 229376K, used 16782K [0x0000000080000000, 0x0000000100000000)
  region size 1024K, 11 young (11264K), 11 survivors (11264K)
 Metaspace       used 20794K, capacity 21224K, committed 21296K, reserved 1069056K
  class space    used 2517K, capacity 2667K, committed 2688K, reserved 1048576K
}
Event: 5.081 GC heap before
{Heap before GC invocations=3 (full 0):
 garbage-first heap   total 229376K, used 54670K [0x0000000080000000, 0x0000000100000000)
  region size 1024K, 48 young (49152K), 11 survivors (11264K)
 Metaspace       used 24527K, capacity 25115K, committed 25392K, reserved 1071104K
  class space    used 3128K, capacity 3334K, committed 3456K, reserved 1048576K
}
Event: 5.093 GC heap after
{Heap after GC invocations=4 (full 0):
 garbage-first heap   total 229376K, used 18900K [0x0000000080000000, 0x0000000100000000)
  region size 1024K, 2 young (2048K), 2 survivors (2048K)
 Metaspace       used 24527K, capacity 25115K, committed 25392K, reserved 1071104K
  class space    used 3128K, capacity 3334K, committed 3456K, reserved 1048576K
}
Event: 6.908 GC heap before
{Heap before GC invocations=4 (full 0):
 garbage-first heap   total 229376K, used 146900K [0x0000000080000000, 0x0000000100000000)
  region size 1024K, 102 young (104448K), 2 survivors (2048K)
 Metaspace       used 34597K, capacity 35590K, committed 35708K, reserved 1079296K
  class space    used 4655K, capacity 5059K, committed 5120K, reserved 1048576K
}
Event: 6.926 GC heap after
{Heap after GC invocations=5 (full 0):
 garbage-first heap   total 229376K, used 54529K [0x0000000080000000, 0x0000000100000000)
  region size 1024K, 10 young (10240K), 10 survivors (10240K)
 Metaspace       used 34597K, capacity 35590K, committed 35708K, reserved 1079296K
  class space    used 4655K, capacity 5059K, committed 5120K, reserved 1048576K
}
Event: 8.768 GC heap before
{Heap before GC invocations=6 (full 0):
 garbage-first heap   total 229376K, used 181505K [0x0000000080000000, 0x0000000100000000)
  region size 1024K, 112 young (114688K), 10 survivors (10240K)
 Metaspace       used 44888K, capacity 46231K, committed 46332K, reserved 1089536K
  class space    used 5740K, capacity 6246K, committed 6272K, reserved 1048576K
}
Event: 8.785 GC heap after
{Heap after GC invocations=7 (full 0):
 garbage-first heap   total 229376K, used 84259K [0x0000000080000000, 0x0000000100000000)
  region size 1024K, 10 young (10240K), 10 survivors (10240K)
 Metaspace       used 44888K, capacity 46231K, committed 46332K, reserved 1089536K
  class space    used 5740K, capacity 6246K, committed 6272K, reserved 1048576K
}
Event: 10.076 GC heap before
{Heap before GC invocations=7 (full 0):
 garbage-first heap   total 229376K, used 179491K [0x0000000080000000, 0x0000000100000000)
  region size 1024K, 98 young (100352K), 10 survivors (10240K)
 Metaspace       used 50854K, capacity 52338K, committed 52348K, reserved 1095680K
  class space    used 6568K, capacity 7168K, committed 7168K, reserved 1048576K
}
Event: 10.092 GC heap after
{Heap after GC invocations=8 (full 0):
 garbage-first heap   total 229376K, used 94899K [0x0000000080000000, 0x0000000100000000)
  region size 1024K, 7 young (7168K), 7 survivors (7168K)
 Metaspace       used 50854K, capacity 52338K, committed 52348K, reserved 1095680K
  class space    used 6568K, capacity 7168K, committed 7168K, reserved 1048576K
}
Event: 14.159 GC heap before
{Heap before GC invocations=8 (full 0):
 garbage-first heap   total 229376K, used 162483K [0x0000000080000000, 0x0000000100000000)
  region size 1024K, 74 young (75776K), 7 survivors (7168K)
 Metaspace       used 58354K, capacity 59912K, committed 59940K, reserved 1101824K
  class space    used 7445K, capacity 8076K, committed 8104K, reserved 1048576K
}
Event: 14.173 GC heap after
{Heap after GC invocations=9 (full 0):
 garbage-first heap   total 229376K, used 100392K [0x0000000080000000, 0x0000000100000000)
  region size 1024K, 11 young (11264K), 11 survivors (11264K)
 Metaspace       used 58354K, capacity 59912K, committed 59940K, reserved 1101824K
  class space    used 7445K, capacity 8076K, committed 8104K, reserved 1048576K
}
Event: 15.817 GC heap before
{Heap before GC invocations=10 (full 0):
 garbage-first heap   total 229376K, used 183336K [0x0000000080000000, 0x0000000100000000)
  region size 1024K, 91 young (93184K), 11 survivors (11264K)
 Metaspace       used 68285K, capacity 70169K, committed 70256K, reserved 1110016K
  class space    used 8680K, capacity 9409K, committed 9460K, reserved 1048576K
}
Event: 15.829 GC heap after
{Heap after GC invocations=11 (full 0):
 garbage-first heap   total 229376K, used 108796K [0x0000000080000000, 0x0000000100000000)
  region size 1024K, 12 young (12288K), 12 survivors (12288K)
 Metaspace       used 68285K, capacity 70169K, committed 70256K, reserved 1110016K
  class space    used 8680K, capacity 9409K, committed 9460K, reserved 1048576K
}
Event: 15.995 GC heap before
{Heap before GC invocations=11 (full 0):
 garbage-first heap   total 229376K, used 129276K [0x0000000080000000, 0x0000000100000000)
  region size 1024K, 27 young (27648K), 12 survivors (12288K)
 Metaspace       used 68516K, capacity 70408K, committed 70640K, reserved 1110016K
  class space    used 8701K, capacity 9444K, committed 9588K, reserved 1048576K
}

