# JRE version: OpenJDK Runtime Environment (11.0.15) (build 11.0.15+0-b2043.56-9505619)
# Java VM: OpenJDK 64-Bit Server VM (11.0.15+0-b2043.56-9505619, mixed mode, tiered, compressed oops, g1 gc, windows-amd64)
Heap:
 garbage-first heap   total 229376K, used 39749K [0x0000000080000000, 0x0000000100000000)
  region size 1024K, 8 young (8192K), 8 survivors (8192K)
 Metaspace       used 31113K, capacity 32013K, committed 32124K, reserved 1091584K
  class space    used 4150K, capacity 4504K, committed 4556K, reserved 1048576K
GC Heap History (10 events):
Event: 1.174 GC heap before
{Heap before GC invocations=0 (full 0):
 garbage-first heap   total 229376K, used 29696K [0x0000000080000000, 0x0000000100000000)
  region size 1024K, 24 young (24576K), 0 survivors (0K)
 Metaspace       used 10130K, capacity 10337K, committed 10624K, reserved 1058816K
  class space    used 1037K, capacity 1108K, committed 1152K, reserved 1048576K
}
Event: 1.183 GC heap after
{Heap after GC invocations=1 (full 0):
 garbage-first heap   total 229376K, used 9561K [0x0000000080000000, 0x0000000100000000)
  region size 1024K, 3 young (3072K), 3 survivors (3072K)
 Metaspace       used 10130K, capacity 10337K, committed 10624K, reserved 1058816K
  class space    used 1037K, capacity 1108K, committed 1152K, reserved 1048576K
}
Event: 1.825 GC heap before
{Heap before GC invocations=1 (full 0):
 garbage-first heap   total 229376K, used 31065K [0x0000000080000000, 0x0000000100000000)
  region size 1024K, 24 young (24576K), 3 survivors (3072K)
 Metaspace       used 11232K, capacity 11454K, committed 11520K, reserved 1058816K
  class space    used 1155K, capacity 1246K, committed 1280K, reserved 1048576K
}
Event: 1.828 GC heap after
{Heap after GC invocations=2 (full 0):
 garbage-first heap   total 229376K, used 10116K [0x0000000080000000, 0x0000000100000000)
  region size 1024K, 1 young (1024K), 1 survivors (1024K)
 Metaspace       used 11232K, capacity 11454K, committed 11520K, reserved 1058816K
  class space    used 1155K, capacity 1246K, committed 1280K, reserved 1048576K
}
Event: 3.927 GC heap before
{Heap before GC invocations=2 (full 0):
 garbage-first heap   total 229376K, used 70532K [0x0000000080000000, 0x0000000100000000)
  region size 1024K, 59 young (60416K), 1 survivors (1024K)
 Metaspace       used 19695K, capacity 20119K, committed 20224K, reserved 1067008K
  class space    used 2326K, capacity 2468K, committed 2560K, reserved 1048576K
}
Event: 3.963 GC heap after
{Heap after GC invocations=3 (full 0):
 garbage-first heap   total 229376K, used 16779K [0x0000000080000000, 0x0000000100000000)
  region size 1024K, 8 young (8192K), 8 survivors (8192K)
 Metaspace       used 19695K, capacity 20119K, committed 20224K, reserved 1067008K
  class space    used 2326K, capacity 2468K, committed 2560K, reserved 1048576K
}
Event: 4.137 GC heap before
{Heap before GC invocations=3 (full 0):
 garbage-first heap   total 229376K, used 29067K [0x0000000080000000, 0x0000000100000000)
  region size 1024K, 21 young (21504K), 8 survivors (8192K)
 Metaspace       used 20768K, capacity 21132K, committed 21296K, reserved 1069056K
  class space    used 2512K, capacity 2635K, committed 2688K, reserved 1048576K
}
Event: 4.148 GC heap after
{Heap after GC invocations=4 (full 0):
 garbage-first heap   total 229376K, used 17290K [0x0000000080000000, 0x0000000100000000)
  region size 1024K, 1 young (1024K), 1 survivors (1024K)
 Metaspace       used 20768K, capacity 21132K, committed 21296K, reserved 1069056K
  class space    used 2512K, capacity 2635K, committed 2688K, reserved 1048576K
}
Event: 5.841 GC heap before
{Heap before GC invocations=5 (full 0):
 garbage-first heap   total 229376K, used 126858K [0x0000000080000000, 0x0000000100000000)
  region size 1024K, 93 young (95232K), 1 survivors (1024K)
 Metaspace       used 29486K, capacity 30413K, committed 30588K, reserved 1075200K
  class space    used 3906K, capacity 4245K, committed 4300K, reserved 1048576K
}
Event: 5.851 GC heap after
{Heap after GC invocations=6 (full 0):
 garbage-first heap   total 229376K, used 39443K [0x0000000080000000, 0x0000000100000000)
  region size 1024K, 8 young (8192K), 8 survivors (8192K)
 Metaspace       used 29486K, capacity 30413K, committed 30588K, reserved 1075200K
  class space    used 3906K, capacity 4245K, committed 4300K, reserved 1048576K
}

